#
# There is insufficient memory for the Java Runtime Environment to continue.
# Native memory allocation (mmap) failed to map 268435456 bytes for G1 virtual space
# Possible reasons:
#   The system is out of physical RAM or swap space
#   The process is running with CompressedOops enabled, and the Java Heap may be blocking the growth of the native heap
# Possible solutions:
#   Reduce memory load on the system
#   Increase physical memory or swap space
#   Check if swap backing store is full
#   Decrease Java heap size (-Xmx/-Xms)
#   Decrease number of Java threads
#   Decrease Java thread stack sizes (-Xss)
#   Set larger code cache with -XX:ReservedCodeCacheSize=
#   JVM is running with Zero Based Compressed Oops mode in which the Java heap is
#     placed in the first 32GB address space. The Java Heap base address is the
#     maximum limit for the native heap growth. Please use -XX:HeapBaseMinAddress
#     to set the Java Heap base and to place the Java Heap above 32GB virtual address.
# This output file may be truncated or incomplete.
#
#  Out of Memory Error (os_windows.cpp:3603), pid=28748, tid=27144
#
# JRE version:  (21.0.9+7) (build )
# Java VM: Java HotSpot(TM) 64-Bit Server VM (21.0.9+7-LTS-338, mixed mode, sharing, tiered, compressed oops, compressed class ptrs, g1 gc, windows-amd64)
# No core dump will be written. Minidumps are not enabled by default on client versions of Windows
#

---------------  S U M M A R Y ------------

Command Line: -Dfile.encoding=UTF-8 -Dstdout.encoding=UTF-8 -Dstderr.encoding=UTF-8 -XX:+ShowCodeDetailsInExceptionMessages example.ArrMovie

Host: Intel(R) Core(TM) i5-8500 CPU @ 3.00GHz, 6 cores, 15G,  Windows 10 , 64 bit Build 19041 (10.0.19041.5915)
Time: Fri Jan  2 18:07:04 2026 elapsed time: 0.011098 seconds (0d 0h 0m 0s)

---------------  T H R E A D  ---------------

Current thread (0x00000222476c9f70):  JavaThread "Unknown thread" [_thread_in_vm, id=27144, stack(0x00000027e0600000,0x00000027e0700000) (1024K)]

Stack: [0x00000027e0600000,0x00000027e0700000]
Native frames: (J=compiled Java code, j=interpreted, Vv=VM code, C=native code)
V  [jvm.dll+0x6cbf89]
V  [jvm.dll+0x858421]
V  [jvm.dll+0x85a94e]
V  [jvm.dll+0x85b023]
V  [jvm.dll+0x27ebc6]
V  [jvm.dll+0x6c8705]
V  [jvm.dll+0x6bd26a]
V  [jvm.dll+0x354a0a]
V  [jvm.dll+0x35c686]
V  [jvm.dll+0x3af79e]
V  [jvm.dll+0x3afa48]
V  [jvm.dll+0x328d1c]
V  [jvm.dll+0x32987b]
V  [jvm.dll+0x821739]
V  [jvm.dll+0x3bc481]
V  [jvm.dll+0x80a9b8]
V  [jvm.dll+0x45166e]
V  [jvm.dll+0x453261]
C  [jli.dll+0x52a3]
C  [ucrtbase.dll+0x21bb2]
C  [KERNEL32.DLL+0x17374]
C  [ntdll.dll+0x4cc91]


---------------  P R O C E S S  ---------------

Threads class SMR info:
_java_thread_list=0x00007ffc3467fc08, length=0, elements={
}

Java Threads: ( => current thread )
Total: 0

Other Threads:
  0x000002224782f760 WorkerThread "GC Thread#0"                     [id=28612, stack(0x00000027e0700000,0x00000027e0800000) (1024K)]
  0x0000022247842f10 ConcurrentGCThread "G1 Main Marker"            [id=4780, stack(0x00000027e0800000,0x00000027e0900000) (1024K)]
  0x0000022247843930 WorkerThread "G1 Conc#0"                       [id=28444, stack(0x00000027e0900000,0x00000027e0a00000) (1024K)]

[error occurred during error reporting (printing all threads), id 0xc0000005, EXCEPTION_ACCESS_VIOLATION (0xc0000005) at pc=0x00007ffc33deb4a7]
VM state: not at safepoint (not fully initialized)

VM Mutex/Monitor currently owned by a thread:  ([mutex/lock_event])
[0x00007ffc346f0ef0] Heap_lock - owner thread: 0x00000222476c9f70

Heap address: 0x0000000700c00000, size: 4084 MB, Compressed Oops mode: Zero based, Oop shift amount: 3

CDS archive(s) mapped at: [0x0000000000000000-0x0000000000000000-0x0000000000000000), size 0, SharedBaseAddress: 0x0000000800000000, ArchiveRelocationMode: 1.
Narrow klass base: 0x0000000000000000, Narrow klass shift: 0, Narrow klass range: 0x0

GC Precious Log:
 CardTable entry size: 512
 Card Set container configuration: InlinePtr #cards 4 size 8 Array Of Cards #cards 16 size 48 Howl #buckets 8 coarsen threshold 3686 Howl Bitmap #cards 512 size 80 coarsen threshold 460 Card regions per heap region 1 cards per card region 4096

Heap:
 garbage-first heap   total 0K, used 0K [0x0000000700c00000, 0x0000000800000000)
  region size 2048K, 0 young (0K), 0 survivors (0K)

[error occurred during error reporting (printing heap information), id 0xc0000005, EXCEPTION_ACCESS_VIOLATION (0xc0000005) at pc=0x00007ffc341d4ff9]
GC Heap History (0 events):
No events

Dll operation events (1 events):
Event: 0.004 Loaded shared library C:\Program Files\Java\jdk-21\bin\java.dll

Deoptimization events (0 events):
No events

Classes loaded (0 events):
No events

Classes unloaded (0 events):
No events

Classes redefined (0 events):
No events

Internal exceptions (0 events):
No events

ZGC Phase Switch (0 events):
No events

VM Operations (0 events):
No events

Events (0 events):
No events


Dynamic libraries:
0x00007ff78bc50000 - 0x00007ff78bc60000 	C:\Program Files\Java\jdk-21\bin\javaw.exe
0x00007ffc6e050000 - 0x00007ffc6e248000 	C:\Windows\SYSTEM32\ntdll.dll
0x00007ffc6df40000 - 0x00007ffc6e002000 	C:\Windows\System32\KERNEL32.DLL
0x00007ffc6b830000 - 0x00007ffc6bb26000 	C:\Windows\System32\KERNELBASE.dll
0x00007ffc6bb30000 - 0x00007ffc6bc30000 	C:\Windows\System32\ucrtbase.dll
0x00007ffc623f0000 - 0x00007ffc62409000 	C:\Program Files\Java\jdk-21\bin\jli.dll
0x00007ffc6c850000 - 0x00007ffc6c901000 	C:\Windows\System32\ADVAPI32.dll
0x00007ffc6cfa0000 - 0x00007ffc6d03e000 	C:\Windows\System32\msvcrt.dll
0x00007ffc6c4d0000 - 0x00007ffc6c56f000 	C:\Windows\System32\sechost.dll
0x00007ffc57cd0000 - 0x00007ffc57ceb000 	C:\Program Files\Java\jdk-21\bin\VCRUNTIME140.dll
0x00007ffc6d150000 - 0x00007ffc6d270000 	C:\Windows\System32\RPCRT4.dll
0x00007ffc6b6e0000 - 0x00007ffc6b707000 	C:\Windows\System32\bcrypt.dll
0x00007ffc6c910000 - 0x00007ffc6cab1000 	C:\Windows\System32\USER32.dll
0x00007ffc6bd30000 - 0x00007ffc6bd52000 	C:\Windows\System32\win32u.dll
0x00007ffc57280000 - 0x00007ffc5751b000 	C:\Windows\WinSxS\amd64_microsoft.windows.common-controls_6595b64144ccf1df_6.0.19041.6456_none_60b8a6cb71f64256\COMCTL32.dll
0x00007ffc6c650000 - 0x00007ffc6c67b000 	C:\Windows\System32\GDI32.dll
0x00007ffc6b710000 - 0x00007ffc6b829000 	C:\Windows\System32\gdi32full.dll
0x00007ffc6be70000 - 0x00007ffc6bf0d000 	C:\Windows\System32\msvcp_win.dll
0x00007ffc65e30000 - 0x00007ffc65e3a000 	C:\Windows\SYSTEM32\VERSION.dll
0x00007ffc6c070000 - 0x00007ffc6c09f000 	C:\Windows\System32\IMM32.DLL
0x00007ffc62430000 - 0x00007ffc6243c000 	C:\Program Files\Java\jdk-21\bin\vcruntime140_1.dll
0x00007ffc4edb0000 - 0x00007ffc4ee3e000 	C:\Program Files\Java\jdk-21\bin\msvcp140.dll
0x00007ffc33ab0000 - 0x00007ffc347cd000 	C:\Program Files\Java\jdk-21\bin\server\jvm.dll
0x00007ffc6ded0000 - 0x00007ffc6df3b000 	C:\Windows\System32\WS2_32.dll
0x00007ffc6b540000 - 0x00007ffc6b58b000 	C:\Windows\SYSTEM32\POWRPROF.dll
0x00007ffc62360000 - 0x00007ffc62387000 	C:\Windows\SYSTEM32\WINMM.dll
0x00007ffc6b520000 - 0x00007ffc6b532000 	C:\Windows\SYSTEM32\UMPDC.dll
0x00007ffc69540000 - 0x00007ffc69552000 	C:\Windows\SYSTEM32\kernel.appcore.dll
0x00007ffc68a50000 - 0x00007ffc68a5a000 	C:\Program Files\Java\jdk-21\bin\jimage.dll
0x00007ffc61990000 - 0x00007ffc61b91000 	C:\Windows\SYSTEM32\DBGHELP.DLL
0x00007ffc53ec0000 - 0x00007ffc53ef4000 	C:\Windows\SYSTEM32\dbgcore.DLL
0x00007ffc6bd60000 - 0x00007ffc6bde2000 	C:\Windows\System32\bcryptPrimitives.dll
0x00007ffc68a10000 - 0x00007ffc68a2f000 	C:\Program Files\Java\jdk-21\bin\java.dll

dbghelp: loaded successfully - version: 4.0.5 - missing functions: none
symbol engine: initialized successfully - sym options: 0x614 - pdb path: .;C:\Program Files\Java\jdk-21\bin;C:\Windows\SYSTEM32;C:\Windows\WinSxS\amd64_microsoft.windows.common-controls_6595b64144ccf1df_6.0.19041.6456_none_60b8a6cb71f64256;C:\Program Files\Java\jdk-21\bin\server

VM Arguments:
jvm_args: -Dfile.encoding=UTF-8 -Dstdout.encoding=UTF-8 -Dstderr.encoding=UTF-8 -XX:+ShowCodeDetailsInExceptionMessages 
java_command: example.ArrMovie
java_class_path (initial): C:\JavaClass\chapter04\bin
Launcher Type: SUN_STANDARD

[Global flags]
     intx CICompilerCount                          = 3                                         {product} {ergonomic}
     uint ConcGCThreads                            = 2                                         {product} {ergonomic}
     uint G1ConcRefinementThreads                  = 6                                         {product} {ergonomic}
   size_t G1HeapRegionSize                         = 2097152                                   {product} {ergonomic}
    uintx GCDrainStackTargetSize                   = 64                                        {product} {ergonomic}
   size_t InitialHeapSize                          = 268435456                                 {product} {ergonomic}
   size_t MarkStackSize                            = 4194304                                   {product} {ergonomic}
   size_t MaxHeapSize                              = 4282384384                                {product} {ergonomic}
   size_t MinHeapDeltaBytes                        = 2097152                                   {product} {ergonomic}
   size_t MinHeapSize                              = 8388608                                   {product} {ergonomic}
    uintx NonNMethodCodeHeapSize                   = 5832780                                {pd product} {ergonomic}
    uintx NonProfiledCodeHeapSize                  = 122912730                              {pd product} {ergonomic}
    uintx ProfiledCodeHeapSize                     = 122912730                              {pd product} {ergonomic}
    uintx ReservedCodeCacheSize                    = 251658240                              {pd product} {ergonomic}
     bool SegmentedCodeCache                       = true                                      {product} {ergonomic}
     bool ShowCodeDetailsInExceptionMessages       = true                                   {manageable} {command line}
   size_t SoftMaxHeapSize                          = 4282384384                             {manageable} {ergonomic}
     bool UseCompressedOops                        = true                           {product lp64_product} {ergonomic}
     bool UseG1GC                                  = true                                      {product} {ergonomic}
     bool UseLargePagesIndividualAllocation        = false                                  {pd product} {ergonomic}

Logging:
Log output configuration:
 #0: stdout all=warning uptime,level,tags foldmultilines=false
 #1: stderr all=off uptime,level,tags foldmultilines=false

Environment Variables:
JAVA_HOME=C:\Program Files\Java\jdk-21
PATH=C:/Program Files/Java/jdk-21/bin/server;C:/Program Files/Java/jdk-21/bin;C:\Program Files\Java\jdk-21\bin;C:\Program Files\Common Files\Oracle\Java\javapath;C:\Program Files (x86)\Common Files\Intel\Shared Libraries\redist\intel64_win\compiler;C:\Windows\system32;C:\Windows;C:\Windows\System32\Wbem;C:\Windows\System32\WindowsPowerShell\v1.0\;C:\Windows\System32\OpenSSH\;C:\Program Files\Bandizip\;C:\Program Files\dotnet\;C:\Program Files\Common Files\Autodesk Shared\;C:\Program Files\Microsoft SQL Server\120\Tools\Binn\;C:\Program Files\Git\cmd;C:\Program Files\Git\mingw64\bin;C:\Program Files\Git\usr\bin;C:\Program Files\nodejs\;C:\Users\Administrator\AppData\Local\Microsoft\WindowsApps;C:\Users\Administrator\AppData\Local\Programs\Microsoft VS Code\bin;C:\Users\Administrator\AppData\Roaming\npm;C:\Windows\system32;
USERNAME=Administrator
OS=Windows_NT
PROCESSOR_IDENTIFIER=Intel64 Family 6 Model 158 Stepping 10, GenuineIntel
TMP=C:\Users\ADMINI~1\AppData\Local\Temp
TEMP=C:\Users\ADMINI~1\AppData\Local\Temp




Periodic native trim disabled

---------------  S Y S T E M  ---------------

OS:
 Windows 10 , 64 bit Build 19041 (10.0.19041.5915)
OS uptime: 0 days 9:41 hours

CPU: total 6 (initial active 6) (6 cores per cpu, 1 threads per core) family 6 model 158 stepping 10 microcode 0xb4, cx8, cmov, fxsr, mmx, 3dnowpref, sse, sse2, sse3, ssse3, sse4.1, sse4.2, popcnt, lzcnt, tsc, tscinvbit, avx, avx2, aes, erms, clmul, bmi1, bmi2, rtm, adx, fma, vzeroupper, clflush, clflushopt, rdtscp, f16c
Processor Information for all 6 processors :
  Max Mhz: 3000, Current Mhz: 3000, Mhz Limit: 3000

Memory: 4k page, system-wide physical 16332M (7258M free)
TotalPageFile size 65477M (AvailPageFile size 96M)
current process WorkingSet (physical memory assigned to process): 10M, peak: 10M
current process commit charge ("private bytes"): 56M, peak: 312M

vm_info: Java HotSpot(TM) 64-Bit Server VM (21.0.9+7-LTS-338) for windows-amd64 JRE (21.0.9+7-LTS-338), built on 2025-09-26T06:33:49Z by "mach5run" with MS VC++ 17.6 (VS2022)

END.
